---------------------------------------------------------------------------------------------
      name:  <unnamed>
       log:  /Users/elizabeth/Documents/GitHub/East_Simon/logs/01_CleanData_part2_.log
  log type:  text
 opened on:  23 Jul 2024, 10:08:15

.    
. * Keep only those with at least one spell
. keep if loser==1
(0 observations deleted)

.                 
. // match ages in admin data
. foreach x in age {
  2.         gen temp=`x' if month_reljl==0
  3.         bysort uniqueid: egen `x'_m0=max(temp)
  4.         drop temp
  5. }       
(686,307 missing values generated)

.                 
. *****************************   
. // Summary statistics
. ***************************************
. sum earn age female hisp white black other lesshs hs somecol college married kids_m0  if  h
> ead_spouse_partner==1 & wave==1 & refmth==1 & age_sm0>=24 & age_sm0<=55  [aw=p5wgt]

    Variable |     Obs      Weight        Mean   Std. dev.       Min        Max
-------------+-----------------------------------------------------------------
        earn |  10,146  28837627.8    3928.498   5015.114  -23563.75   112844.3
         age |  10,146  28837627.8    39.22621   8.733291         24         55
      female |  10,146  28837627.8    .4525198   .4977651          0          1
        hisp |  10,146  28837627.8    .1726918   .3779993          0          1
       white |  10,146  28837627.8    .6548828   .4754299          0          1
-------------+-----------------------------------------------------------------
       black |  10,146  28837627.8    .1172452    .321728          0          1
       other |  10,146  28837627.8    .0551802   .2283429          0          1
      lesshs |  10,146  28837627.8    .1351678   .3419196          0          1
          hs |  10,146  28837627.8    .4716206   .4992186          0          1
     somecol |  10,146  28837627.8     .182792   .3865149          0          1
-------------+-----------------------------------------------------------------
     college |  10,146  28837627.8    .2104196   .4076267          0          1
     married |  10,146  28837627.8    .6278296   .4834073          0          1
     kids_m0 |  10,146  28837627.8    1.015171   1.175379          0          4

. sum earn age female hisp white black other lesshs hs somecol college married kids_m0  if te
> nure_1year==1 & head_spouse_partner==1  & wave==1 & refmth==1 & age_sm0>=25 & age_sm0<=54  
>  [aw=p5wgt]

    Variable |     Obs      Weight        Mean   Std. dev.       Min        Max
-------------+-----------------------------------------------------------------
        earn |   6,305  18241069.1    4637.725   5277.559  -1043.427   112844.3
         age |   6,305  18241069.1    39.99998   8.227269         25         54
      female |   6,305  18241069.1    .4497841   .4975114          0          1
        hisp |   6,305  18241069.1    .1656614   .3718059          0          1
       white |   6,305  18241069.1    .6654716   .4718628          0          1
-------------+-----------------------------------------------------------------
       black |   6,305  18241069.1    .1144998   .3184426          0          1
       other |   6,305  18241069.1    .0543672   .2267589          0          1
      lesshs |   6,305  18241069.1    .1183073   .3229973          0          1
          hs |   6,305  18241069.1    .4608144   .4985017          0          1
     somecol |   6,305  18241069.1    .1820146   .3858871          0          1
-------------+-----------------------------------------------------------------
     college |   6,305  18241069.1    .2388637   .4264231          0          1
     married |   6,305  18241069.1    .6535102   .4758892          0          1
     kids_m0 |   6,305  18241069.1    .9965583   1.153965          0          4

.         
. sum earn age female hisp white black other lesshs hs somecol college married kids_m0  if  h
> ead_spouse_partner==1 & wave==1 & refmth==1 & age_sm0>=25 & age_sm0<=54 & templayoff_pre~=1
>   [aw=p5wgt]

    Variable |     Obs      Weight        Mean   Std. dev.       Min        Max
-------------+-----------------------------------------------------------------
        earn |   8,456  24055410.6    4073.207   5213.226  -23563.75   112844.3
         age |   8,456  24055410.6    39.25922   8.307712         25         54
      female |   8,456  24055410.6    .4628931   .4986507          0          1
        hisp |   8,456  24055410.6    .1691358    .374894          0          1
       white |   8,456  24055410.6    .6572199   .4746668          0          1
-------------+-----------------------------------------------------------------
       black |   8,456  24055410.6    .1169941   .3214323          0          1
       other |   8,456  24055410.6    .0566502   .2311866          0          1
      lesshs |   8,456  24055410.6    .1302124   .3365569          0          1
          hs |   8,456  24055410.6    .4729629    .499298          0          1
     somecol |   8,456  24055410.6    .1807346   .3848209          0          1
-------------+-----------------------------------------------------------------
     college |   8,456  24055410.6      .21609   .4116007          0          1
     married |   8,456  24055410.6    .6361296   .4811404          0          1
     kids_m0 |   8,456  24055410.6    1.035735   1.180118          0          4

. sum earn age female hisp white black other lesshs hs somecol college married kids_m0  if te
> nure_1year==1 & head_spouse_partner==1  & wave==1 & refmth==1 & age_sm0>=25 & age_sm0<=54  
> & templayoff_pre~=1  [aw=p5wgt]

    Variable |     Obs      Weight        Mean   Std. dev.       Min        Max
-------------+-----------------------------------------------------------------
        earn |   5,543  16051488.9    4778.582   5465.105  -1043.427   112844.3
         age |   5,543  16051488.9    39.99037   8.204045         25         54
      female |   5,543  16051488.9    .4565953   .4981574          0          1
        hisp |   5,543  16051488.9    .1611053   .3676612          0          1
       white |   5,543  16051488.9    .6696251   .4703905          0          1
-------------+-----------------------------------------------------------------
       black |   5,543  16051488.9    .1130554   .3166891          0          1
       other |   5,543  16051488.9    .0562142   .2303556          0          1
      lesshs |   5,543  16051488.9    .1134679   .3171924          0          1
          hs |   5,543  16051488.9    .4619523   .4985952          0          1
     somecol |   5,543  16051488.9    .1779866    .382536          0          1
-------------+-----------------------------------------------------------------
     college |   5,543  16051488.9    .2465933   .4310668          0          1
     married |   5,543  16051488.9    .6560663   .4750621          0          1
     kids_m0 |   5,543  16051488.9     .996316   1.152025          0          4

. pause
pause:  
-> . end
execution resumes...

. 
. *************************************** 
. * Create month in which spell occurred 
. ***************************************
. tab month_reljl, m

month_reljl |      Freq.     Percent        Cum.
------------+-----------------------------------
        -18 |     90,235       12.82       12.82
        -17 |      7,222        1.03       13.84
        -16 |      7,532        1.07       14.91
        -15 |      8,062        1.15       16.06
        -14 |      8,613        1.22       17.28
        -13 |      9,062        1.29       18.57
        -12 |      9,450        1.34       19.91
        -11 |     10,216        1.45       21.36
        -10 |     10,857        1.54       22.90
         -9 |     11,411        1.62       24.53
         -8 |     11,899        1.69       26.22
         -7 |     12,816        1.82       28.04
         -6 |     13,655        1.94       29.98
         -5 |     14,315        2.03       32.01
         -4 |     14,860        2.11       34.12
         -3 |     15,840        2.25       36.37
         -2 |     16,659        2.37       38.74
         -1 |     17,305        2.46       41.19
          0 |     17,689        2.51       43.71
          1 |     17,054        2.42       46.13
          2 |     16,531        2.35       48.48
          3 |     16,081        2.28       50.76
          4 |     15,738        2.24       53.00
          5 |     15,210        2.16       55.16
          6 |     14,724        2.09       57.25
          7 |     14,313        2.03       59.28
          8 |     14,025        1.99       61.28
          9 |     13,516        1.92       63.19
         10 |     13,040        1.85       65.05
         11 |     12,689        1.80       66.85
         12 |     12,360        1.76       68.61
         13 |     11,826        1.68       70.29
         14 |     11,384        1.62       71.90
         15 |     11,044        1.57       73.47
         16 |     10,796        1.53       75.00
         17 |     10,337        1.47       76.47
         18 |      9,924        1.41       77.88
         19 |      9,606        1.36       79.25
         20 |      9,348        1.33       80.57
         21 |      8,912        1.27       81.84
         22 |      8,459        1.20       83.04
         23 |      8,114        1.15       84.19
         24 |      7,844        1.11       85.31
         25 |      7,316        1.04       86.35
         26 |      6,907        0.98       87.33
         27 |      6,555        0.93       88.26
         28 |      6,295        0.89       89.15
         29 |      5,885        0.84       89.99
         30 |     70,465       10.01      100.00
------------+-----------------------------------
      Total |    703,996      100.00

. for any max min: bysort uniqueid: egen X_month_reljl=X(month_reljl)

->  bysort uniqueid: egen max_month_reljl=max(month_reljl)

->  bysort uniqueid: egen min_month_reljl=min(month_reljl)

. drop if month_reljl<-12 | month_reljl>=24
(241,993 observations deleted)

. tab month_reljl, m

month_reljl |      Freq.     Percent        Cum.
------------+-----------------------------------
        -12 |      9,450        2.05        2.05
        -11 |     10,216        2.21        4.26
        -10 |     10,857        2.35        6.61
         -9 |     11,411        2.47        9.08
         -8 |     11,899        2.58       11.65
         -7 |     12,816        2.77       14.43
         -6 |     13,655        2.96       17.38
         -5 |     14,315        3.10       20.48
         -4 |     14,860        3.22       23.70
         -3 |     15,840        3.43       27.13
         -2 |     16,659        3.61       30.73
         -1 |     17,305        3.75       34.48
          0 |     17,689        3.83       38.31
          1 |     17,054        3.69       42.00
          2 |     16,531        3.58       45.57
          3 |     16,081        3.48       49.06
          4 |     15,738        3.41       52.46
          5 |     15,210        3.29       55.75
          6 |     14,724        3.19       58.94
          7 |     14,313        3.10       62.04
          8 |     14,025        3.04       65.07
          9 |     13,516        2.93       68.00
         10 |     13,040        2.82       70.82
         11 |     12,689        2.75       73.57
         12 |     12,360        2.68       76.24
         13 |     11,826        2.56       78.80
         14 |     11,384        2.46       81.27
         15 |     11,044        2.39       83.66
         16 |     10,796        2.34       86.00
         17 |     10,337        2.24       88.23
         18 |      9,924        2.15       90.38
         19 |      9,606        2.08       92.46
         20 |      9,348        2.02       94.48
         21 |      8,912        1.93       96.41
         22 |      8,459        1.83       98.24
         23 |      8,114        1.76      100.00
------------+-----------------------------------
      Total |    462,003      100.00

. 
. gen month_reljl_temp = month_reljl

. replace month_reljl_temp=22 if month_reljl_temp==23
(8,114 real changes made)

. forvalues i=-12(2)20 {
  2.         replace month_reljl_temp=`i' if month_reljl_temp==`i'+1
  3. }
(10,216 real changes made)
(11,411 real changes made)
(12,816 real changes made)
(14,315 real changes made)
(15,840 real changes made)
(17,305 real changes made)
(17,054 real changes made)
(16,081 real changes made)
(15,210 real changes made)
(14,313 real changes made)
(13,516 real changes made)
(12,689 real changes made)
(11,826 real changes made)
(11,044 real changes made)
(10,337 real changes made)
(9,606 real changes made)
(8,912 real changes made)

. tab month_reljl_temp month_reljl

month_relj |                            month_reljl
    l_temp |       -12        -11        -10         -9         -8         -7 |     Total
-----------+------------------------------------------------------------------+----------
       -12 |     9,450     10,216          0          0          0          0 |    19,666 
       -10 |         0          0     10,857     11,411          0          0 |    22,268 
        -8 |         0          0          0          0     11,899     12,816 |    24,715 
        -6 |         0          0          0          0          0          0 |    27,970 
        -4 |         0          0          0          0          0          0 |    30,700 
        -2 |         0          0          0          0          0          0 |    33,964 
         0 |         0          0          0          0          0          0 |    34,743 
         2 |         0          0          0          0          0          0 |    32,612 
         4 |         0          0          0          0          0          0 |    30,948 
         6 |         0          0          0          0          0          0 |    29,037 
         8 |         0          0          0          0          0          0 |    27,541 
        10 |         0          0          0          0          0          0 |    25,729 
        12 |         0          0          0          0          0          0 |    24,186 
        14 |         0          0          0          0          0          0 |    22,428 
        16 |         0          0          0          0          0          0 |    21,133 
        18 |         0          0          0          0          0          0 |    19,530 
        20 |         0          0          0          0          0          0 |    18,260 
        22 |         0          0          0          0          0          0 |    16,573 
-----------+------------------------------------------------------------------+----------
     Total |     9,450     10,216     10,857     11,411     11,899     12,816 |   462,003 


month_relj |                            month_reljl
    l_temp |        -6         -5         -4         -3         -2         -1 |     Total
-----------+------------------------------------------------------------------+----------
       -12 |         0          0          0          0          0          0 |    19,666 
       -10 |         0          0          0          0          0          0 |    22,268 
        -8 |         0          0          0          0          0          0 |    24,715 
        -6 |    13,655     14,315          0          0          0          0 |    27,970 
        -4 |         0          0     14,860     15,840          0          0 |    30,700 
        -2 |         0          0          0          0     16,659     17,305 |    33,964 
         0 |         0          0          0          0          0          0 |    34,743 
         2 |         0          0          0          0          0          0 |    32,612 
         4 |         0          0          0          0          0          0 |    30,948 
         6 |         0          0          0          0          0          0 |    29,037 
         8 |         0          0          0          0          0          0 |    27,541 
        10 |         0          0          0          0          0          0 |    25,729 
        12 |         0          0          0          0          0          0 |    24,186 
        14 |         0          0          0          0          0          0 |    22,428 
        16 |         0          0          0          0          0          0 |    21,133 
        18 |         0          0          0          0          0          0 |    19,530 
        20 |         0          0          0          0          0          0 |    18,260 
        22 |         0          0          0          0          0          0 |    16,573 
-----------+------------------------------------------------------------------+----------
     Total |    13,655     14,315     14,860     15,840     16,659     17,305 |   462,003 


month_relj |                            month_reljl
    l_temp |         0          1          2          3          4          5 |     Total
-----------+------------------------------------------------------------------+----------
       -12 |         0          0          0          0          0          0 |    19,666 
       -10 |         0          0          0          0          0          0 |    22,268 
        -8 |         0          0          0          0          0          0 |    24,715 
        -6 |         0          0          0          0          0          0 |    27,970 
        -4 |         0          0          0          0          0          0 |    30,700 
        -2 |         0          0          0          0          0          0 |    33,964 
         0 |    17,689     17,054          0          0          0          0 |    34,743 
         2 |         0          0     16,531     16,081          0          0 |    32,612 
         4 |         0          0          0          0     15,738     15,210 |    30,948 
         6 |         0          0          0          0          0          0 |    29,037 
         8 |         0          0          0          0          0          0 |    27,541 
        10 |         0          0          0          0          0          0 |    25,729 
        12 |         0          0          0          0          0          0 |    24,186 
        14 |         0          0          0          0          0          0 |    22,428 
        16 |         0          0          0          0          0          0 |    21,133 
        18 |         0          0          0          0          0          0 |    19,530 
        20 |         0          0          0          0          0          0 |    18,260 
        22 |         0          0          0          0          0          0 |    16,573 
-----------+------------------------------------------------------------------+----------
     Total |    17,689     17,054     16,531     16,081     15,738     15,210 |   462,003 


month_relj |                            month_reljl
    l_temp |         6          7          8          9         10         11 |     Total
-----------+------------------------------------------------------------------+----------
       -12 |         0          0          0          0          0          0 |    19,666 
       -10 |         0          0          0          0          0          0 |    22,268 
        -8 |         0          0          0          0          0          0 |    24,715 
        -6 |         0          0          0          0          0          0 |    27,970 
        -4 |         0          0          0          0          0          0 |    30,700 
        -2 |         0          0          0          0          0          0 |    33,964 
         0 |         0          0          0          0          0          0 |    34,743 
         2 |         0          0          0          0          0          0 |    32,612 
         4 |         0          0          0          0          0          0 |    30,948 
         6 |    14,724     14,313          0          0          0          0 |    29,037 
         8 |         0          0     14,025     13,516          0          0 |    27,541 
        10 |         0          0          0          0     13,040     12,689 |    25,729 
        12 |         0          0          0          0          0          0 |    24,186 
        14 |         0          0          0          0          0          0 |    22,428 
        16 |         0          0          0          0          0          0 |    21,133 
        18 |         0          0          0          0          0          0 |    19,530 
        20 |         0          0          0          0          0          0 |    18,260 
        22 |         0          0          0          0          0          0 |    16,573 
-----------+------------------------------------------------------------------+----------
     Total |    14,724     14,313     14,025     13,516     13,040     12,689 |   462,003 


month_relj |                            month_reljl
    l_temp |        12         13         14         15         16         17 |     Total
-----------+------------------------------------------------------------------+----------
       -12 |         0          0          0          0          0          0 |    19,666 
       -10 |         0          0          0          0          0          0 |    22,268 
        -8 |         0          0          0          0          0          0 |    24,715 
        -6 |         0          0          0          0          0          0 |    27,970 
        -4 |         0          0          0          0          0          0 |    30,700 
        -2 |         0          0          0          0          0          0 |    33,964 
         0 |         0          0          0          0          0          0 |    34,743 
         2 |         0          0          0          0          0          0 |    32,612 
         4 |         0          0          0          0          0          0 |    30,948 
         6 |         0          0          0          0          0          0 |    29,037 
         8 |         0          0          0          0          0          0 |    27,541 
        10 |         0          0          0          0          0          0 |    25,729 
        12 |    12,360     11,826          0          0          0          0 |    24,186 
        14 |         0          0     11,384     11,044          0          0 |    22,428 
        16 |         0          0          0          0     10,796     10,337 |    21,133 
        18 |         0          0          0          0          0          0 |    19,530 
        20 |         0          0          0          0          0          0 |    18,260 
        22 |         0          0          0          0          0          0 |    16,573 
-----------+------------------------------------------------------------------+----------
     Total |    12,360     11,826     11,384     11,044     10,796     10,337 |   462,003 


month_relj |                            month_reljl
    l_temp |        18         19         20         21         22         23 |     Total
-----------+------------------------------------------------------------------+----------
       -12 |         0          0          0          0          0          0 |    19,666 
       -10 |         0          0          0          0          0          0 |    22,268 
        -8 |         0          0          0          0          0          0 |    24,715 
        -6 |         0          0          0          0          0          0 |    27,970 
        -4 |         0          0          0          0          0          0 |    30,700 
        -2 |         0          0          0          0          0          0 |    33,964 
         0 |         0          0          0          0          0          0 |    34,743 
         2 |         0          0          0          0          0          0 |    32,612 
         4 |         0          0          0          0          0          0 |    30,948 
         6 |         0          0          0          0          0          0 |    29,037 
         8 |         0          0          0          0          0          0 |    27,541 
        10 |         0          0          0          0          0          0 |    25,729 
        12 |         0          0          0          0          0          0 |    24,186 
        14 |         0          0          0          0          0          0 |    22,428 
        16 |         0          0          0          0          0          0 |    21,133 
        18 |     9,924      9,606          0          0          0          0 |    19,530 
        20 |         0          0      9,348      8,912          0          0 |    18,260 
        22 |         0          0          0          0      8,459      8,114 |    16,573 
-----------+------------------------------------------------------------------+----------
     Total |     9,924      9,606      9,348      8,912      8,459      8,114 |   462,003 

.                  
. tab month_reljl_temp, gen(dumspell)

month_reljl |
      _temp |      Freq.     Percent        Cum.
------------+-----------------------------------
        -12 |     19,666        4.26        4.26
        -10 |     22,268        4.82        9.08
         -8 |     24,715        5.35       14.43
         -6 |     27,970        6.05       20.48
         -4 |     30,700        6.64       27.13
         -2 |     33,964        7.35       34.48
          0 |     34,743        7.52       42.00
          2 |     32,612        7.06       49.06
          4 |     30,948        6.70       55.75
          6 |     29,037        6.29       62.04
          8 |     27,541        5.96       68.00
         10 |     25,729        5.57       73.57
         12 |     24,186        5.24       78.80
         14 |     22,428        4.85       83.66
         16 |     21,133        4.57       88.23
         18 |     19,530        4.23       92.46
         20 |     18,260        3.95       96.41
         22 |     16,573        3.59      100.00
------------+-----------------------------------
      Total |    462,003      100.00

. for num 1/18: gen sim_spellX=sim_repl_sipp*dumspellX

->  gen sim_spell1=sim_repl_sipp*dumspell1

->  gen sim_spell2=sim_repl_sipp*dumspell2

->  gen sim_spell3=sim_repl_sipp*dumspell3

->  gen sim_spell4=sim_repl_sipp*dumspell4

->  gen sim_spell5=sim_repl_sipp*dumspell5

->  gen sim_spell6=sim_repl_sipp*dumspell6

->  gen sim_spell7=sim_repl_sipp*dumspell7

->  gen sim_spell8=sim_repl_sipp*dumspell8

->  gen sim_spell9=sim_repl_sipp*dumspell9

->  gen sim_spell10=sim_repl_sipp*dumspell10

->  gen sim_spell11=sim_repl_sipp*dumspell11

->  gen sim_spell12=sim_repl_sipp*dumspell12

->  gen sim_spell13=sim_repl_sipp*dumspell13

->  gen sim_spell14=sim_repl_sipp*dumspell14

->  gen sim_spell15=sim_repl_sipp*dumspell15

->  gen sim_spell16=sim_repl_sipp*dumspell16

->  gen sim_spell17=sim_repl_sipp*dumspell17

->  gen sim_spell18=sim_repl_sipp*dumspell18

.         
. sum month_reljl_temp month_reljl if dumspell6==1

    Variable |        Obs        Mean    Std. dev.       Min        Max
-------------+---------------------------------------------------------
month_relj~p |     33,964          -2           0         -2         -2
 month_reljl |     33,964    -1.49049    .4999169         -2         -1

. cap drop jobloss

. gen jobloss=month_reljl>=0

. for any kids_m statefip_m year_m: egen Xloss=group(X jobloss)

->  egen kids_mloss=group(kids_m jobloss)

->  egen statefip_mloss=group(statefip_m jobloss)

->  egen year_mloss=group(year_m jobloss)

. 
. gen post=month_reljl>0 & month_reljl!=.

. replace post=. if month_reljl==.
(0 real changes made)

. gen sim_post=0

. replace sim_post=sim_repl_sipp if month_reljl>=0
(302,720 real changes made)

. label var sim_post "R-rate * Loss"

.         
. ***Added below to create control
. gen earn_any=(earn>0)

. 
. ***************************************
. * Labels 
. ***************************************
. label var earn "Earned Income - Indiv"

. label var earn_any "Any Earned Income - Indiv"

. label var uiamt "UI Income - Indiv"

. label var priv_hins "Private HI - Indiv"

. label var any_hins "Any HI - Indiv"

. label var pub_hins "Public HI - Indiv"

. label var ss_amt "SS Income - Indiv"

. label var ss_amt "SS Income - Hhold"

. label var ssi_amt "SSI Income - Indiv"

. label var ssi_st_amt "SSI State Income - Indiv"

. label var h_ssi_amt "SSI Income - Hhold"

. label var fs_amt "SNAP Income - Indiv"

. label var h_fs_amt "SNAP Income - Hhold"

. label var tanf_amt "TANF Income - Indiv"

. label var h_tanf_amt "TANF Income - Hhold"

. label var wic_amt "WIC Income - Indiv"

. label var frp_lunch  "Kids Receive FRP Lunch"

. label var hinc "Total Income - Hhold"

. label var hearn "Total Earnings - Hhold"

. label var hpov100 "Hhold Below Poverty"

. label var hpov200 "Hhold Below 200% Poverty"

. label var hpov400 "Hhold Below 400% Poverty"

. 
. ***************************************
. *quickly recode living in public housing for regressions and getsbrnt "getting subsidy"
. ***************************************
. replace pubhsing = . if pubhsing==-1
(280,863 real changes made, 280,863 to missing)

. replace pubhsing = (pubhsing==1) if missing(pubhsing)~=1
(165,938 real changes made)

. tab pubhsing, missing

  HH: Residence |
      in public |
 housing projec |      Freq.     Percent        Cum.
----------------+-----------------------------------
              0 |    165,938       35.92       35.92
            Yes |     15,202        3.29       39.21
              . |    280,863       60.79      100.00
----------------+-----------------------------------
          Total |    462,003      100.00

. 
. *note, this excludes those living in public housing
. replace getsbrnt = . if getsbrnt==-1
(296,065 real changes made, 296,065 to missing)

. replace getsbrnt = (getsbrnt==1) if missing(getsbrnt)~=1
(159,350 real changes made)

. tab getsbrnt, missing

 HH: Receipt of |
     Government |
   subsidized r |      Freq.     Percent        Cum.
----------------+-----------------------------------
              0 |    159,350       34.49       34.49
            Yes |      6,588        1.43       35.92
              . |    296,065       64.08      100.00
----------------+-----------------------------------
          Total |    462,003      100.00

. gen d_housing = (pubhsing==1 | getsbrnt==1)

. replace d_housing =d_housing*100
(21,790 real changes made)

. sum d_housing

    Variable |        Obs        Mean    Std. dev.       Min        Max
-------------+---------------------------------------------------------
   d_housing |    462,003     4.71642    21.19902          0        100

. mdesc d_housing

    Variable    |     Missing          Total     Percent Missing
----------------+-----------------------------------------------
      d_housing |           0        462,003           0.00
----------------+-----------------------------------------------

. 
. 
. ***************************************
. *** Construct Different Partilly and Fully Balanced Samples of Job Losers  
. ***************************************
. gen balance_pre12post24 = (max_month_reljl>=23 & max_month_reljl ~=. & min_month_reljl<=-12
>  & min_month_reljl ~=.)

. gen balance_pre12 = (min_month_reljl<=-12 & min_month_reljl ~=.)

. gen balance_pre12post12 = (max_month_reljl>=12 & max_month_reljl ~=. & min_month_reljl<=-12
>  & min_month_reljl ~=.)

. gen balance_pre6 = (min_month_reljl<=-6 & min_month_reljl ~=.)

. 
. tab balance_pre12post24, m 

balance_pre |
   12post24 |      Freq.     Percent        Cum.
------------+-----------------------------------
          0 |    356,019       77.06       77.06
          1 |    105,984       22.94      100.00
------------+-----------------------------------
      Total |    462,003      100.00

. tab balance_pre12, m 

balance_pre |
         12 |      Freq.     Percent        Cum.
------------+-----------------------------------
          0 |    204,660       44.30       44.30
          1 |    257,343       55.70      100.00
------------+-----------------------------------
      Total |    462,003      100.00

. tab balance_pre6, m 

balance_pre |
          6 |      Freq.     Percent        Cum.
------------+-----------------------------------
          0 |     86,056       18.63       18.63
          1 |    375,947       81.37      100.00
------------+-----------------------------------
      Total |    462,003      100.00

. tab balance_pre12post12, m 

balance_pre |
   12post12 |      Freq.     Percent        Cum.
------------+-----------------------------------
          0 |    270,396       58.53       58.53
          1 |    191,607       41.47      100.00
------------+-----------------------------------
      Total |    462,003      100.00

. 
. 
. ***************************************
. *** Summary Statistics to Check against NBER version of Elira's paper
. ***************************************
. sum age female black hisp college married  kids_m0  uiamt any_hins priv_hins pub_hins [aw=p
> 5wgt_m0]

    Variable |     Obs      Weight        Mean   Std. dev.       Min        Max
-------------+-----------------------------------------------------------------
         age | 462,003  1.6849e+09    37.61199   12.36714         18         64
      female | 462,003  1.6849e+09     .426045   .4945009          0          1
       black | 462,003  1.6849e+09    .1330526    .339632          0          1
        hisp | 462,003  1.6849e+09    .1867154   .3896833          0          1
     college | 462,003  1.6849e+09    .1783985   .3828483          0          1
-------------+-----------------------------------------------------------------
     married | 462,003  1.6849e+09    .4746008    .499355          0          1
     kids_m0 | 462,003  1.6849e+09    .8442394   1.117883          0          4
       uiamt | 462,003  1.6849e+09     147.628   579.3326          0   68288.21
    any_hins | 462,003  1.6849e+09    .6421791   .4793596          0          1
   priv_hins | 461,938  1.6847e+09    .5550238   .4969637          0          1
-------------+-----------------------------------------------------------------
    pub_hins | 462,003  1.6849e+09    .0994147   .2992183          0          1

. 
. 
. ***************************************
. *** Additional Summary Statistics and Cleaning
. ***************************************
. 
. sum age female black hisp college married kids_m0   if month_reljl==0 [aw=p5wgt_m0]

    Variable |     Obs      Weight        Mean   Std. dev.       Min        Max
-------------+-----------------------------------------------------------------
         age |  17,689  64929123.7    36.89043   12.44093         18         64
      female |  17,689  64929123.7    .4223505   .4939477          0          1
       black |  17,689  64929123.7    .1336096    .340242          0          1
        hisp |  17,689  64929123.7    .1875758   .3903841          0          1
     college |  17,689  64929123.7    .1708096   .3763531          0          1
-------------+-----------------------------------------------------------------
     married |  17,689  64929123.7     .455803   .4980569          0          1
     kids_m0 |  17,689  64929123.7     .832266   1.116408          0          4

. sum age female black hisp college married kids_m0   if tenure_1year==1 & month_reljl==0 [aw
> =p5wgt_m0]

    Variable |     Obs      Weight        Mean   Std. dev.       Min        Max
-------------+-----------------------------------------------------------------
         age |  10,038  37478627.3    39.96555   11.91624         18         64
      female |  10,038  37478627.3    .4287944   .4949284          0          1
       black |  10,038  37478627.3    .1249552   .3306845          0          1
        hisp |  10,038  37478627.3    .1807893   .3848627          0          1
     college |  10,038  37478627.3     .208085   .4059582          0          1
-------------+-----------------------------------------------------------------
     married |  10,038  37478627.3    .5298848    .499131          0          1
     kids_m0 |  10,038  37478627.3    .8112009   1.102894          0          4

. 
. // check missing oservations
. mdesc work uiamt priv_hins any_hins pub_hins ss_amt  h_ss_amt ssi_amt  ssi_st_amt h_ssi_amt
>  fs_amt tanf_amt ///
> wic_amt frp_lunch  hinc hearn hpov100 hpov200 hpov400

    Variable    |     Missing          Total     Percent Missing
----------------+-----------------------------------------------
           work |           0        462,003           0.00
          uiamt |           0        462,003           0.00
      priv_hins |          65        462,003           0.01
       any_hins |           0        462,003           0.00
       pub_hins |           0        462,003           0.00
         ss_amt |           0        462,003           0.00
       h_ss_amt |           0        462,003           0.00
        ssi_amt |           0        462,003           0.00
     ssi_st_amt |           0        462,003           0.00
      h_ssi_amt |           0        462,003           0.00
         fs_amt |           0        462,003           0.00
       tanf_amt |           0        462,003           0.00
        wic_amt |           0        462,003           0.00
      frp_lunch |           0        462,003           0.00
           hinc |           0        462,003           0.00
          hearn |           0        462,003           0.00
        hpov100 |           0        462,003           0.00
        hpov200 |           0        462,003           0.00
        hpov400 |           0        462,003           0.00
----------------+-----------------------------------------------

. 
. pause
pause:  
-> . end
execution resumes...

. 
. drop if work==. // observations just from policy data and not merged into SIPP
(0 observations deleted)

. 
. rename head_spouse head_spouse_current  

. rename head_spouse_partner head_spouse_partner_current

. 
. rename head_spouse_sm0 head_spouse

. rename head_spouse_partner_sm0 head_spouse_partner

. 
. gen all = 1

. 
. ** Flag whether 1st job loss happens at least 6 months after start of survey for individual
. gen counter_jl = counter if month_reljl==0
(444,314 missing values generated)

. bysort uniqueid: egen max_counter_jl=max(counter_jl)

. 
. tab max_counter_jl  if tenure_1year==1 & head_spouse_partner==1 [aw=p5wgt_m0], m

max_counter |
        _jl |      Freq.     Percent        Cum.
------------+-----------------------------------
          1 |  2,037.188        0.95        0.95
          2 | 2,874.6658        1.34        2.29
          3 | 5,033.8109        2.35        4.64
          4 | 6,056.7662        2.82        7.46
          5 | 4,389.1322        2.05        9.51
          6 | 6,206.0239        2.89       12.40
          7 | 8,824.1355        4.11       16.52
          8 | 8,999.6965        4.20       20.71
          9 | 6,032.1891        2.81       23.52
         10 | 6,359.4443        2.97       26.49
         11 | 8,699.4489        4.06       30.54
         12 | 10,194.861        4.75       35.30
         13 | 5,946.8498        2.77       38.07
         14 | 6,471.8641        3.02       41.09
         15 | 7,970.2302        3.72       44.80
         16 | 7,568.5854        3.53       48.33
         17 |4,314.07003        2.01       50.34
         18 | 5,706.5403        2.66       53.00
         19 | 7,039.3621        3.28       56.29
         20 | 5,848.1659        2.73       59.01
         21 | 3,912.4937        1.82       60.84
         22 | 4,658.3664        2.17       63.01
         23 | 5,205.7173        2.43       65.44
         24 | 6,185.4098        2.88       68.32
         25 | 3,776.2152        1.76       70.08
         26 |4,421.11805        2.06       72.14
         27 | 4,571.3163        2.13       74.27
         28 | 4,084.6388        1.90       76.18
         29 | 2,488.6673        1.16       77.34
         30 | 2,217.0451        1.03       78.37
         31 | 4,076.7633        1.90       80.27
         32 | 4,208.2042        1.96       82.23
         33 | 2,353.4704        1.10       83.33
         34 | 2,507.4014        1.17       84.50
         35 | 3,337.5953        1.56       86.06
         36 | 3,817.3302        1.78       87.84
         37 |1,158.85907        0.54       88.38
         38 | 1,838.9354        0.86       89.23
         39 |2,240.23678        1.04       90.28
         40 | 2,331.0714        1.09       91.37
         41 |  1,217.362        0.57       91.93
         42 | 1,297.7288        0.61       92.54
         43 | 1,640.6964        0.76       93.30
         44 | 2,139.1347        1.00       94.30
         45 |835.7376669        0.39       94.69
         46 |  1,357.931        0.63       95.32
         47 | 1,748.5528        0.82       96.14
         48 | 2,073.6557        0.97       97.11
         49 | 829.363697        0.39       97.49
         50 | 382.578727        0.18       97.67
         51 | 637.676947        0.30       97.97
         52 | 677.777291        0.32       98.28
         53 | 355.467344        0.17       98.45
         54 |  588.92672        0.27       98.72
         55 |404.8357931        0.19       98.91
         56 |533.5122768        0.25       99.16
         57 |  299.69333        0.14       99.30
         58 | 244.772565        0.11       99.42
         59 | 210.168438        0.10       99.51
         60 | 312.633334        0.15       99.66
         61 |82.25991181        0.04       99.70
         62 | 269.170227        0.13       99.82
         63 | 121.044572        0.06       99.88
         64 | 257.433744        0.12      100.00
------------+-----------------------------------
      Total |    214,482      100.00

. tab max_counter_jl  if tenure_1year==1 & head_spouse_partner==1 & married_sm0==1 [aw=p5wgt_
> m0], m

max_counter |
        _jl |      Freq.     Percent        Cum.
------------+-----------------------------------
          1 | 1,134.5983        0.82        0.82
          2 | 1,600.9541        1.16        1.98
          3 | 3,092.5343        2.23        4.21
          4 | 4,036.0376        2.92        7.13
          5 | 2,870.1118        2.07        9.20
          6 | 4,170.1946        3.01       12.21
          7 | 6,007.8743        4.34       16.55
          8 | 5,624.3978        4.06       20.61
          9 | 3,383.7561        2.44       23.06
         10 | 4,176.4674        3.02       26.07
         11 | 5,889.9416        4.25       30.33
         12 | 6,625.8065        4.79       35.12
         13 |  4,161.911        3.01       38.12
         14 | 4,424.1545        3.20       41.32
         15 | 5,160.7951        3.73       45.05
         16 | 4,819.6338        3.48       48.53
         17 |2,760.21868        1.99       50.52
         18 | 3,294.0076        2.38       52.90
         19 | 4,260.8407        3.08       55.98
         20 | 3,665.9495        2.65       58.63
         21 | 2,676.6486        1.93       60.56
         22 | 2,859.5456        2.07       62.63
         23 | 3,381.2806        2.44       65.07
         24 | 3,851.3131        2.78       67.85
         25 | 2,787.4319        2.01       69.86
         26 | 3,139.0933        2.27       72.13
         27 | 3,014.5638        2.18       74.31
         28 | 2,495.5743        1.80       76.11
         29 | 1,490.9451        1.08       77.19
         30 | 1,316.0594        0.95       78.14
         31 | 2,619.5449        1.89       80.03
         32 | 2,479.8478        1.79       81.82
         33 | 1,694.1297        1.22       83.05
         34 | 1,561.6421        1.13       84.18
         35 | 2,039.8323        1.47       85.65
         36 | 2,589.3603        1.87       87.52
         37 | 755.910466        0.55       88.07
         38 | 1,536.6901        1.11       89.18
         39 |  1,488.054        1.07       90.25
         40 | 1,432.6981        1.03       91.28
         41 | 805.223338        0.58       91.87
         42 | 750.974785        0.54       92.41
         43 | 1,260.1091        0.91       93.32
         44 | 1,369.4616        0.99       94.31
         45 | 520.585895        0.38       94.68
         46 | 1,063.1607        0.77       95.45
         47 | 987.093696        0.71       96.17
         48 |  1,498.168        1.08       97.25
         49 | 346.998062        0.25       97.50
         50 |241.6048659        0.17       97.67
         51 | 261.399951        0.19       97.86
         52 | 488.647871        0.35       98.21
         53 | 193.794493        0.14       98.35
         54 |350.1452562        0.25       98.61
         55 |275.0891186        0.20       98.81
         56 | 418.452076        0.30       99.11
         57 | 214.637596        0.16       99.26
         58 | 172.061015        0.12       99.39
         59 | 152.080441        0.11       99.50
         60 | 243.434335        0.18       99.67
         61 | 48.2308868        0.03       99.71
         62 | 142.856096        0.10       99.81
         63 | 97.1447629        0.07       99.88
         64 | 163.295733        0.12      100.00
------------+-----------------------------------
      Total |    138,435      100.00

. 
. ** Tab how many people married in first survey month become unmarried before jobloss
. cap drop flag

. gen flag=(min_nmarried_counter<max_counter_jl & min_nmarried_counter~=. & max_counter_jl~=.
> ) // dummy for whether not married before jobloss 

. cap drop flag

. gen flag=(married==0 & married~=.) // dummy for whether EVER not married

. bysort uniqueid: egen max_flag = max(flag)

. sum  max_flag  if married_sm0==1 & tenure_1year==1 & head_spouse_partner==1 & month_reljl==
> 0  [aw=p5wgt_m0]

    Variable |     Obs      Weight        Mean   Std. dev.       Min        Max
-------------+-----------------------------------------------------------------
    max_flag |   4,977  18263305.3    .0653982   .2472521          0          1

. sum  max_flag  if  tenure_1year==1 & head_spouse_partner==1 & month_reljl==0    [aw=p5wgt_m
> 0]

    Variable |     Obs      Weight        Mean   Std. dev.       Min        Max
-------------+-----------------------------------------------------------------
    max_flag |   7,781  28873228.4    .3949536   .4888721          0          1

. 
. tab married_sm0 if  tenure_1year==1 & head_spouse_partner==1  [aw=p5wgt_m0]

married_sm0 |      Freq.     Percent        Cum.
------------+-----------------------------------
          0 | 77,614.988       36.19       36.19
          1 | 136,867.01       63.81      100.00
------------+-----------------------------------
      Total |    214,482      100.00

. 
. ** Tab how many people head/spouse in first survey month become not head/spouse before jobl
> oss
. cap drop flag

. gen flag=(min_nhead_spouse_partner_counter<max_counter_jl & min_nhead_spouse_partner_counte
> r~=. & max_counter_jl~=.) // whether not head/spouse BEFORE job loss

. sum flag min_nhead_spouse_partner_counter max_counter_jl if married_sm0==1 & tenure_1year==
> 1 & head_spouse_partner==1  [aw=p5wgt_m0]

    Variable |     Obs      Weight        Mean   Std. dev.       Min        Max
-------------+-----------------------------------------------------------------
        flag | 138,435   501361715    .0085668   .0921599          0          1
min_nhead_.. |   4,152  15062159.3    25.30349   13.70902          5         56
max_counte~l | 138,435   501361715    20.17995   13.00203          1         64

. sum flag min_nhead_spouse_partner_counter max_counter_jl if  tenure_1year==1 & head_spouse_
> partner==1  [aw=p5wgt_m0]

    Variable |     Obs      Weight        Mean   Std. dev.       Min        Max
-------------+-----------------------------------------------------------------
        flag | 214,482   785675538    .0182411   .1338226          0          1
min_nhead_.. |  11,423  41495122.2    23.49783   13.69251          3         60
max_counte~l | 214,482   785675538    20.09951    12.9817          1         64

. cap drop flag max_flag

. gen flag=(head_spouse_partner_current==0 & head_spouse_partner_current~=.) // dummy for whe
> ther EVER not head or spouse

. bysort uniqueid: egen max_flag = max(flag)

. sum max_flag   if married_sm0==1 & tenure_1year==1 & head_spouse_partner==1 & month_reljl==
> 0   [aw=p5wgt_m0]

    Variable |     Obs      Weight        Mean   Std. dev.       Min        Max
-------------+-----------------------------------------------------------------
    max_flag |   4,977  18263305.3    .0234025   .1511934          0          1

. sum max_flag   if  tenure_1year==1 & head_spouse_partner==1  & month_reljl==0  [aw=p5wgt_m0
> ]

    Variable |     Obs      Weight        Mean   Std. dev.       Min        Max
-------------+-----------------------------------------------------------------
    max_flag |   7,781  28873228.4     .044123   .2053816          0          1

. 
. * Tab how many people in sample by disability type
. gen nodisa = ((worklimit_disa_sm0==0))

. rename worklimit_disa_sm0 workl_dis_sm0

. sum nodisa  workl_dis_sm0 workprevent_disa_sm0 if  tenure_1year==1 & head_spouse_partner==1
>   & month_reljl==0  [aw=p5wgt_m0]

    Variable |     Obs      Weight        Mean   Std. dev.       Min        Max
-------------+-----------------------------------------------------------------
      nodisa |   7,781  28873228.4    .9405404   .2364981          0          1
workl_dis_~0 |   7,781  28873228.4    .0594596   .2364981          0          1
workpreven~0 |     513  1716790.13    .1131291   .3170597          0          1

. 
. gen year_jl = year_m if month_reljl==0
(444,314 missing values generated)

. bysort uniqueid: egen max_year_jl = max(year_jl)

. drop year_jl

. rename max_year_jl year_jl

. 
. 
. 
. 
. ***************************************
. *** Impute FRPL Values  
. ***************************************
. gen frp_lunch_rp_v = . 
(462,003 missing values generated)

. replace frp_lunch_rp_v = 1.7125 if year_m<=1998
(74,851 real changes made)

. replace frp_lunch_rp_v = 1.75 if year_m==1999
(20,068 real changes made)

. replace frp_lunch_rp_v = 1.79 if year_m==2000
(3,291 real changes made)

. replace frp_lunch_rp_v = 1.86 if year_m==2001
(23,493 real changes made)

. replace frp_lunch_rp_v = 1.91 if year_m==2002
(31,921 real changes made)

. replace frp_lunch_rp_v = 1.96 if year_m==2003
(26,217 real changes made)

. replace frp_lunch_rp_v = 2.01 if year_m==2004
(24,812 real changes made)

. replace frp_lunch_rp_v = 2.09 if year_m==2005
(32,214 real changes made)

. replace frp_lunch_rp_v = 2.17 if year_m==2006
(22,575 real changes made)

. replace frp_lunch_rp_v = 2.24 if year_m==2007
(9,855 real changes made)

. replace frp_lunch_rp_v = 2.34 if year_m==2008
(20,789 real changes made)

. replace frp_lunch_rp_v = 2.45 if year_m==2009
(46,704 real changes made)

. replace frp_lunch_rp_v = 2.49 if year_m==2010
(50,287 real changes made)

. replace frp_lunch_rp_v = 2.54 if year_m==2011
(36,442 real changes made)

. replace frp_lunch_rp_v = 2.63 if year_m==2012
(26,097 real changes made)

. replace frp_lunch_rp_v = 2.7 if year_m==2013
(12,387 real changes made)

. replace frp_lunch_rp_v = 2.75 if year_m==2014
(0 real changes made)

. 
. gen frp_lunch_free_v = . 
(462,003 missing values generated)

. replace frp_lunch_free_v = 2.1125 if year_m<=1998
(74,851 real changes made)

. replace frp_lunch_free_v = 2.15 if year_m==1999
(20,068 real changes made)

. replace frp_lunch_free_v = 2.19 if year_m==2000
(3,291 real changes made)

. replace frp_lunch_free_v = 2.26 if year_m==2001
(23,493 real changes made)

. replace frp_lunch_free_v = 2.31 if year_m==2002
(31,921 real changes made)

. replace frp_lunch_free_v = 2.36 if year_m==2003
(26,217 real changes made)

. replace frp_lunch_free_v = 2.41 if year_m==2004
(24,812 real changes made)

. replace frp_lunch_free_v = 2.49 if year_m==2005
(32,214 real changes made)

. replace frp_lunch_free_v = 2.57 if year_m==2006
(22,575 real changes made)

. replace frp_lunch_free_v = 2.64 if year_m==2007
(9,855 real changes made)

. replace frp_lunch_free_v = 2.74 if year_m==2008
(20,789 real changes made)

. replace frp_lunch_free_v = 2.85 if year_m==2009
(46,704 real changes made)

. replace frp_lunch_free_v = 2.89 if year_m==2010
(50,287 real changes made)

. replace frp_lunch_free_v = 2.94 if year_m==2011
(36,442 real changes made)

. replace frp_lunch_free_v = 3.03 if year_m==2012
(26,097 real changes made)

. replace frp_lunch_free_v = 3.1 if year_m==2013
(12,387 real changes made)

. replace frp_lunch_free_v = 3.15 if year_m==2014
(0 real changes made)

. 
. gen frp_lunch_value = 0

. replace frp_lunch_value = frp_lunch_rp_v*numk_lunch*22 if frp_lunch_rp==1
(13,375 real changes made)

. replace frp_lunch_value = frp_lunch_free_v*numk_lunch*22 if frp_lunch_free==1
(74,327 real changes made)

. sum frp_lunch_value frp_lunch_free_v frp_lunch_rp_v numk_lunch frp_lunch_free frp_lunch_rp 

    Variable |        Obs        Mean    Std. dev.       Min        Max
-------------+---------------------------------------------------------
frp_lunch~ue |    462,003    19.53268    47.43455          0      409.2
frp_lunc~e_v |    462,003     2.55677    .3272098     2.1125        3.1
frp_lunc~p_v |    462,003     2.15677    .3272098     1.7125        2.7
  numk_lunch |    130,366    1.741198    .9297632          1          6
frp_lunch~ee |     87,702    .8474949    .3595118          0          1
-------------+---------------------------------------------------------
frp_lunch_rp |     87,702    .1525051    .3595118          0          1

. gen d_frp_lunch_value = (frp_lunch_value>0 & frp_lunch_value~=.)

. replace d_frp_lunch_value = . if frp_lunch_value==.
(0 real changes made)

. replace d_frp_lunch_value = d_frp_lunch_value*100
(87,702 real changes made)

.         
. // cpi
. for any frp_lunch_value : replace X=X*237.017/cpi

->  replace frp_lunch_value=frp_lunch_value*237.017/cpi
(87,702 real changes made)

. 
. save "$samples/sipp_reg.dta", replace 
file /Users/elizabeth/Dropbox/child SIPP
    longterm/analysis/samples/JobLosers_SafetyNet/sipp_reg.dta saved

.         
. log close 
      name:  <unnamed>
       log:  /Users/elizabeth/Documents/GitHub/East_Simon/logs/01_CleanData_part2_.log
  log type:  text
 closed on:  23 Jul 2024, 10:10:20
---------------------------------------------------------------------------------------------
